{"level":"\u001b[32minfo\u001b[39m","message":"Navigating to https://www.jamesbeard.org/awards/search?ranks%5BWinner%5D=1&categories%5BRestaurant+%26+Chef%5D=1&page=1"}
{"level":"\u001b[32minfo\u001b[39m","message":"Navigating to https://www.jamesbeard.org/awards/search?ranks%5BWinner%5D=1&categories%5BRestaurant+%26+Chef%5D=1&page=1"}
{"level":"\u001b[32minfo\u001b[39m","message":"Navigating to https://www.jamesbeard.org/awards/search?ranks%5BWinner%5D=1&categories%5BRestaurant+%26+Chef%5D=1&page=2"}
{"level":"\u001b[32minfo\u001b[39m","message":"Navigating to https://www.jamesbeard.org/awards/search?ranks%5BWinner%5D=1&categories%5BRestaurant+%26+Chef%5D=1&page=2"}
{"level":"\u001b[32minfo\u001b[39m","message":"Navigating to https://www.jamesbeard.org/awards/search?ranks%5BWinner%5D=1&categories%5BRestaurant+%26+Chef%5D=1&page=3"}
{"level":"\u001b[32minfo\u001b[39m","message":"Navigating to https://www.jamesbeard.org/awards/search?ranks%5BWinner%5D=1&categories%5BRestaurant+%26+Chef%5D=1&page=3"}
{"level":"\u001b[32minfo\u001b[39m","message":"Navigating to https://www.jamesbeard.org/awards/search?ranks%5BWinner%5D=1&categories%5BRestaurant+%26+Chef%5D=1&page=4"}
{"level":"\u001b[32minfo\u001b[39m","message":"Navigating to https://www.jamesbeard.org/awards/search?ranks%5BWinner%5D=1&categories%5BRestaurant+%26+Chef%5D=1&page=4"}
{"level":"\u001b[32minfo\u001b[39m","message":"Navigating to https://www.jamesbeard.org/awards/search?ranks%5BWinner%5D=1&categories%5BRestaurant+%26+Chef%5D=1&page=5"}
{"level":"\u001b[32minfo\u001b[39m","message":"Navigating to https://www.jamesbeard.org/awards/search?ranks%5BWinner%5D=1&categories%5BRestaurant+%26+Chef%5D=1&page=5"}
{"level":"\u001b[32minfo\u001b[39m","message":"Navigating to https://www.jamesbeard.org/awards/search?ranks%5BWinner%5D=1&categories%5BRestaurant+%26+Chef%5D=1&page=6"}
{"level":"\u001b[32minfo\u001b[39m","message":"Navigating to https://www.jamesbeard.org/awards/search?ranks%5BWinner%5D=1&categories%5BRestaurant+%26+Chef%5D=1&page=6"}
{"level":"\u001b[32minfo\u001b[39m","message":"Navigating to https://www.jamesbeard.org/awards/search?ranks%5BWinner%5D=1&categories%5BRestaurant+%26+Chef%5D=1&page=7"}
{"level":"\u001b[32minfo\u001b[39m","message":"Navigating to https://www.jamesbeard.org/awards/search?ranks%5BWinner%5D=1&categories%5BRestaurant+%26+Chef%5D=1&page=7"}
{"level":"\u001b[32minfo\u001b[39m","message":"Navigating to https://www.jamesbeard.org/awards/search?ranks%5BWinner%5D=1&categories%5BRestaurant+%26+Chef%5D=1&page=8"}
{"level":"\u001b[32minfo\u001b[39m","message":"Navigating to https://www.jamesbeard.org/awards/search?ranks%5BWinner%5D=1&categories%5BRestaurant+%26+Chef%5D=1&page=8"}
{"level":"\u001b[32minfo\u001b[39m","message":"Navigating to https://www.jamesbeard.org/awards/search?ranks%5BWinner%5D=1&categories%5BRestaurant+%26+Chef%5D=1&page=9"}
{"level":"\u001b[32minfo\u001b[39m","message":"Navigating to https://www.jamesbeard.org/awards/search?ranks%5BWinner%5D=1&categories%5BRestaurant+%26+Chef%5D=1&page=9"}
{"level":"\u001b[32minfo\u001b[39m","message":"Navigating to https://www.jamesbeard.org/awards/search?ranks%5BWinner%5D=1&categories%5BRestaurant+%26+Chef%5D=1&page=10"}
{"level":"\u001b[32minfo\u001b[39m","message":"Navigating to https://www.jamesbeard.org/awards/search?ranks%5BWinner%5D=1&categories%5BRestaurant+%26+Chef%5D=1&page=10"}
{"level":"\u001b[32minfo\u001b[39m","message":"Navigating to https://www.jamesbeard.org/awards/search?ranks%5BWinner%5D=1&categories%5BRestaurant+%26+Chef%5D=1&page=11"}
{"level":"\u001b[32minfo\u001b[39m","message":"Navigating to https://www.jamesbeard.org/awards/search?ranks%5BWinner%5D=1&categories%5BRestaurant+%26+Chef%5D=1&page=11"}
{"level":"\u001b[32minfo\u001b[39m","message":"Navigating to https://www.jamesbeard.org/awards/search?ranks%5BWinner%5D=1&categories%5BRestaurant+%26+Chef%5D=1&page=12"}
{"level":"\u001b[32minfo\u001b[39m","message":"Navigating to https://www.jamesbeard.org/awards/search?ranks%5BWinner%5D=1&categories%5BRestaurant+%26+Chef%5D=1&page=12"}
{"level":"\u001b[32minfo\u001b[39m","message":"Navigating to https://www.jamesbeard.org/awards/search?ranks%5BWinner%5D=1&categories%5BRestaurant+%26+Chef%5D=1&page=13"}
{"level":"\u001b[32minfo\u001b[39m","message":"Navigating to https://www.jamesbeard.org/awards/search?ranks%5BWinner%5D=1&categories%5BRestaurant+%26+Chef%5D=1&page=13"}
{"level":"\u001b[32minfo\u001b[39m","message":"Award 1 of 796"}
{"level":"\u001b[32minfo\u001b[39m","message":"James Beard: Casa Vega, America's Classics, 2022, Sherman Oaks"}
{"level":"\u001b[32minfo\u001b[39m","message":"Sherman Oaks cached with value:"}
{"level":"\u001b[32minfo\u001b[39m","message":{"city":"los angeles","id":9}}
{"level":"\u001b[32minfo\u001b[39m","message":"Found city los angeles"}
{"level":"\u001b[33mwarn\u001b[39m","message":"Award already exists, continuing"}
{"level":"\u001b[32minfo\u001b[39m","message":"Award 2 of 796"}
{"level":"\u001b[32minfo\u001b[39m","message":"James Beard: Automatic Seafood and Oysters, Best Chef: South, 2022, Birmingham, Alabama"}
{"level":"\u001b[32minfo\u001b[39m","message":"Birmingham, Alabama cached as false, returning null"}
{"level":"\u001b[33mwarn\u001b[39m","message":"Award already exists, continuing"}
{"level":"\u001b[32minfo\u001b[39m","message":"Award 3 of 796"}
{"level":"\u001b[32minfo\u001b[39m","message":"James Beard: Chai Pani, Outstanding Restaurant, 2022, Asheville"}
{"level":"\u001b[32minfo\u001b[39m","message":"Asheville cached as false, returning null"}
{"level":"\u001b[33mwarn\u001b[39m","message":"Award already exists, continuing"}
{"level":"\u001b[32minfo\u001b[39m","message":"Award 4 of 796"}
{"level":"\u001b[32minfo\u001b[39m","message":"James Beard: The Busy Bee Café, America's Classics, 2022, Atlanta"}
{"level":"\u001b[32minfo\u001b[39m","message":"Atlanta cached as false, returning null"}
{"level":"\u001b[33mwarn\u001b[39m","message":"Award already exists, continuing"}
{"level":"\u001b[32minfo\u001b[39m","message":"Award 5 of 796"}
{"level":"\u001b[32minfo\u001b[39m","message":"James Beard: Owamni, Best New Restaurant, 2022, Minneapolis"}
{"level":"\u001b[32minfo\u001b[39m","message":"Minneapolis cached as false, returning null"}
{"level":"\u001b[33mwarn\u001b[39m","message":"Award already exists, continuing"}
{"level":"\u001b[32minfo\u001b[39m","message":"Award 6 of 796"}
{"level":"\u001b[32minfo\u001b[39m","message":"James Beard: Sazón, Best Chef: Southwest, 2022, Santa Fe, New Mexico"}
{"level":"\u001b[32minfo\u001b[39m","message":"Santa Fe, New Mexico cached as false, returning null"}
{"level":"\u001b[33mwarn\u001b[39m","message":"Award already exists, continuing"}
{"level":"\u001b[32minfo\u001b[39m","message":"Award 7 of 796"}
{"level":"\u001b[32minfo\u001b[39m","message":"James Beard: Solly's Grille, America's Classics, 2022, Milwaukee"}
{"level":"\u001b[32minfo\u001b[39m","message":"Milwaukee cached as false, returning null"}
{"level":"\u001b[33mwarn\u001b[39m","message":"Award already exists, continuing"}
{"level":"\u001b[32minfo\u001b[39m","message":"Award 8 of 796"}
{"level":"\u001b[32minfo\u001b[39m","message":"James Beard: South Philly Barbacoa, Best Chef: Mid-Atlantic, 2022, Philadelphia, PA"}
{"level":"\u001b[32minfo\u001b[39m","message":"Philadelphia, PA cached as false, returning null"}
{"level":"\u001b[33mwarn\u001b[39m","message":"Award already exists, continuing"}
{"level":"\u001b[32minfo\u001b[39m","message":"Award 9 of 796"}
{"level":"\u001b[32minfo\u001b[39m","message":"James Beard: Annette, Best Chef: Mountain, 2022, Aurora, CO"}
{"level":"\u001b[32minfo\u001b[39m","message":"Aurora, CO cached as false, returning null"}
{"level":"\u001b[33mwarn\u001b[39m","message":"Award already exists, continuing"}
{"level":"\u001b[32minfo\u001b[39m","message":"Award 10 of 796"}
{"level":"\u001b[32minfo\u001b[39m","message":"James Beard: Warda Pâtisserie, Outstanding Pastry Chef, 2022, Detroit"}
{"level":"\u001b[32minfo\u001b[39m","message":"Detroit cached as false, returning null"}
{"level":"\u001b[33mwarn\u001b[39m","message":"Award already exists, continuing"}
{"level":"\u001b[32minfo\u001b[39m","message":"Award 11 of 796"}
{"level":"\u001b[32minfo\u001b[39m","message":"James Beard: Wo Hop, America's Classics, 2022, New York"}
{"level":"\u001b[32minfo\u001b[39m","message":"New York cached with value:"}
{"level":"\u001b[32minfo\u001b[39m","message":{"city":"new york","id":15}}
{"level":"\u001b[32minfo\u001b[39m","message":"Found city new york"}
{"level":"\u001b[33mwarn\u001b[39m","message":"Award already exists, continuing"}
{"level":"\u001b[32minfo\u001b[39m","message":"Award 12 of 796"}
{"level":"\u001b[32minfo\u001b[39m","message":"James Beard: Mister Jiu's, Best Chef: California, 2022, San Francisco, CA"}
{"level":"\u001b[32minfo\u001b[39m","message":"San Francisco, CA cached with value:"}
{"level":"\u001b[32minfo\u001b[39m","message":{"city":"san francisco","id":20}}
{"level":"\u001b[32minfo\u001b[39m","message":"Found city san francisco"}
{"level":"\u001b[33mwarn\u001b[39m","message":"Award already exists, continuing"}
{"level":"\u001b[32minfo\u001b[39m","message":"Award 13 of 796"}
{"level":"\u001b[32minfo\u001b[39m","message":"James Beard: Virtue Restaurant & Bar, Best Chef: Great Lakes, 2022, Chicago, IL"}
{"level":"\u001b[32minfo\u001b[39m","message":"Chicago, IL cached with value:"}
{"level":"\u001b[32minfo\u001b[39m","message":{"city":"chicago","id":4}}
{"level":"\u001b[32minfo\u001b[39m","message":"Found city chicago"}
{"level":"\u001b[33mwarn\u001b[39m","message":"Award already exists, continuing"}
{"level":"\u001b[32minfo\u001b[39m","message":"Award 14 of 796"}
{"level":"\u001b[32minfo\u001b[39m","message":"James Beard: The Diplomat, Best Chef: Midwest, 2022, Milwaukee, WI"}
{"level":"\u001b[32minfo\u001b[39m","message":"Milwaukee, WI cached as false, returning null"}
{"level":"\u001b[33mwarn\u001b[39m","message":"Award already exists, continuing"}
{"level":"\u001b[32minfo\u001b[39m","message":"Award 15 of 796"}
{"level":"\u001b[32minfo\u001b[39m","message":"James Beard: Dhamaka, Best Chef: New York State, 2022, New York, NY"}
{"level":"\u001b[32minfo\u001b[39m","message":"New York, NY cached with value:"}
{"level":"\u001b[32minfo\u001b[39m","message":{"city":"new york","id":15}}
{"level":"\u001b[32minfo\u001b[39m","message":"Found city new york"}
{"level":"\u001b[33mwarn\u001b[39m","message":"Award already exists, continuing"}
{"level":"\u001b[32minfo\u001b[39m","message":"Award 16 of 796"}
{"level":"\u001b[32minfo\u001b[39m","message":"James Beard: Florence's Restaurant, America's Classics, 2022, Oklahoma City"}
{"level":"\u001b[32minfo\u001b[39m","message":"Oklahoma City cached as false, returning null"}
{"level":"\u001b[33mwarn\u001b[39m","message":"Award already exists, continuing"}
{"level":"\u001b[32minfo\u001b[39m","message":"Award 17 of 796"}
{"level":"\u001b[32minfo\u001b[39m","message":"James Beard: The Four Horsemen, Outstanding Wine Program, 2022, Brooklyn"}
{"level":"\u001b[32minfo\u001b[39m","message":"Brooklyn cached with value:"}
{"level":"\u001b[32minfo\u001b[39m","message":{"city":"new york","id":15}}
{"level":"\u001b[32minfo\u001b[39m","message":"Found city new york"}
{"level":"\u001b[33mwarn\u001b[39m","message":"Award already exists, continuing"}
{"level":"\u001b[32minfo\u001b[39m","message":"Award 18 of 796"}
{"level":"\u001b[32minfo\u001b[39m","message":"James Beard: El Naranjo, Best Chef: Texas, 2022, Austin, TX"}
{"level":"\u001b[32minfo\u001b[39m","message":"Austin, TX cached with value:"}
{"level":"\u001b[32minfo\u001b[39m","message":{"city":"austin","id":2}}
{"level":"\u001b[32minfo\u001b[39m","message":"Found city austin"}
{"level":"\u001b[33mwarn\u001b[39m","message":"Award already exists, continuing"}
{"level":"\u001b[32minfo\u001b[39m","message":"Award 19 of 796"}
{"level":"\u001b[32minfo\u001b[39m","message":"James Beard: SALTBOX Seafood Joint, Best Chef: Southeast, 2022, Durham, North Carolina"}
{"level":"\u001b[32minfo\u001b[39m","message":"Durham, North Carolina cached as false, returning null"}
{"level":"\u001b[33mwarn\u001b[39m","message":"Award already exists, continuing"}
{"level":"\u001b[32minfo\u001b[39m","message":"Award 20 of 796"}
{"level":"\u001b[32minfo\u001b[39m","message":"James Beard: Saap, Best Chef: Northeast, 2022, Randolph, VT"}
{"level":"\u001b[32minfo\u001b[39m","message":"Randolph, VT cached as false, returning null"}
{"level":"\u001b[33mwarn\u001b[39m","message":"Award already exists, continuing"}
{"level":"\u001b[32minfo\u001b[39m","message":"Award 21 of 796"}
{"level":"\u001b[32minfo\u001b[39m","message":"James Beard: The Grey, Outstanding Chef, 2022, Savannah"}
{"level":"\u001b[32minfo\u001b[39m","message":"Savannah cached as false, returning null"}
{"level":"\u001b[33mwarn\u001b[39m","message":"Award already exists, continuing"}
{"level":"\u001b[32minfo\u001b[39m","message":"Award 22 of 796"}
{"level":"\u001b[32minfo\u001b[39m","message":"James Beard: Fête, Best Chef: Northwest & Pacific, 2022, Honolulu"}
{"level":"\u001b[32minfo\u001b[39m","message":"Honolulu cached as false, returning null"}
{"level":"\u001b[33mwarn\u001b[39m","message":"Award already exists, continuing"}
{"level":"\u001b[32minfo\u001b[39m","message":"Award 23 of 796"}
{"level":"\u001b[32minfo\u001b[39m","message":"James Beard: Barrio Bread, Outstanding Baker, 2022, Tucson"}
{"level":"\u001b[32minfo\u001b[39m","message":"Tucson cached as false, returning null"}
{"level":"\u001b[33mwarn\u001b[39m","message":"Award already exists, continuing"}
{"level":"\u001b[32minfo\u001b[39m","message":"Award 24 of 796"}
{"level":"\u001b[32minfo\u001b[39m","message":"James Beard: Corinne's Place, America's Classics, 2022, Camden"}
{"level":"\u001b[32minfo\u001b[39m","message":"Camden cached with value:"}
{"level":"\u001b[32minfo\u001b[39m","message":{"city":"london","id":8}}
{"level":"\u001b[32minfo\u001b[39m","message":"Found city london"}
{"level":"\u001b[33mwarn\u001b[39m","message":"Award already exists, continuing"}
{"level":"\u001b[32minfo\u001b[39m","message":"Award 25 of 796"}
{"level":"\u001b[32minfo\u001b[39m","message":"James Beard: Julep, Outstanding Bar Program, 2022, Houston"}
{"level":"\u001b[32minfo\u001b[39m","message":"Houston cached with value:"}
{"level":"\u001b[32minfo\u001b[39m","message":{"city":"houston","id":6}}
{"level":"\u001b[32minfo\u001b[39m","message":"Found city houston"}
{"level":"\u001b[33mwarn\u001b[39m","message":"Award already exists, continuing"}
{"level":"\u001b[32minfo\u001b[39m","message":"Award 26 of 796"}
{"level":"\u001b[32minfo\u001b[39m","message":"James Beard: Chez Panisse, Design Icon, 2020, Berkeley, California"}
{"level":"\u001b[32minfo\u001b[39m","message":"Berkeley, California cached as false, returning null"}
{"level":"\u001b[33mwarn\u001b[39m","message":"Award already exists, continuing"}
{"level":"\u001b[32minfo\u001b[39m","message":"Award 27 of 796"}
{"level":"\u001b[32minfo\u001b[39m","message":"James Beard: Puritan Backroom, America's Classics, 2020, Manchester, New Hampshire"}
{"level":"\u001b[32minfo\u001b[39m","message":"Manchester, New Hampshire cached as false, returning null"}
{"level":"\u001b[33mwarn\u001b[39m","message":"Award already exists, continuing"}
{"level":"\u001b[32minfo\u001b[39m","message":"Award 28 of 796"}
{"level":"\u001b[32minfo\u001b[39m","message":"James Beard: Zehnder's of Frankenmuth, America's Classics, 2020, Frankenmuth, Michigan"}
{"level":"\u001b[32minfo\u001b[39m","message":"Frankenmuth, Michigan cached as false, returning null"}
{"level":"\u001b[33mwarn\u001b[39m","message":"Award already exists, continuing"}
{"level":"\u001b[32minfo\u001b[39m","message":"Award 29 of 796"}
{"level":"\u001b[32minfo\u001b[39m","message":"James Beard: Oriental Mart, America's Classics, 2020, Seattle, Washington"}
{"level":"\u001b[32minfo\u001b[39m","message":"Seattle, Washington cached with value:"}
{"level":"\u001b[32minfo\u001b[39m","message":{"city":"seattle","id":21}}
{"level":"\u001b[32minfo\u001b[39m","message":"Found city seattle"}
{"level":"\u001b[33mwarn\u001b[39m","message":"Award already exists, continuing"}
{"level":"\u001b[32minfo\u001b[39m","message":"Award 30 of 796"}
{"level":"\u001b[32minfo\u001b[39m","message":"James Beard: Vera's Backyard Bar-B-Que, America's Classics, 2020, Brownsville, Texas"}
{"level":"\u001b[32minfo\u001b[39m","message":"Brownsville, Texas cached as false, returning null"}
{"level":"\u001b[33mwarn\u001b[39m","message":"Award already exists, continuing"}
{"level":"\u001b[32minfo\u001b[39m","message":"Award 31 of 796"}
{"level":"\u001b[32minfo\u001b[39m","message":"James Beard: El Taco De Mexico, America's Classics, 2020, Denver, Colorado"}
{"level":"\u001b[32minfo\u001b[39m","message":"Denver, Colorado cached with value:"}
{"level":"\u001b[32minfo\u001b[39m","message":{"city":"denver","id":5}}
{"level":"\u001b[32minfo\u001b[39m","message":"Found city denver"}
{"level":"\u001b[33mwarn\u001b[39m","message":"Award already exists, continuing"}
{"level":"\u001b[32minfo\u001b[39m","message":"Award 32 of 796"}
{"level":"\u001b[32minfo\u001b[39m","message":"James Beard: Lassis Inn, America's Classics, 2020, Little Rock, Arkansas"}
{"level":"\u001b[32minfo\u001b[39m","message":"Little Rock, Arkansas cached as false, returning null"}
{"level":"\u001b[33mwarn\u001b[39m","message":"Award already exists, continuing"}
{"level":"\u001b[32minfo\u001b[39m","message":"Award 33 of 796"}
{"level":"\u001b[32minfo\u001b[39m","message":"James Beard: Publican Quality Bread, Outstanding Baker, 2019, Chicago, Illinois"}
{"level":"\u001b[32minfo\u001b[39m","message":"Chicago, Illinois cached with value:"}
{"level":"\u001b[32minfo\u001b[39m","message":{"city":"chicago","id":4}}
{"level":"\u001b[32minfo\u001b[39m","message":"Found city chicago"}
{"level":"\u001b[33mwarn\u001b[39m","message":"Award already exists, continuing"}
{"level":"\u001b[32minfo\u001b[39m","message":"Award 34 of 796"}
{"level":"\u001b[32minfo\u001b[39m","message":"James Beard: Jim's Steak & Spaghetti House, America's Classics, 2019, Huntington, West Virginia"}
{"level":"\u001b[32minfo\u001b[39m","message":"Huntington, West Virginia cached as false, returning null"}
{"level":"\u001b[33mwarn\u001b[39m","message":"Award already exists, continuing"}
{"level":"\u001b[32minfo\u001b[39m","message":"Award 35 of 796"}
{"level":"\u001b[32minfo\u001b[39m","message":"James Beard: Via Carota, Best Chef: New York City, 2019, New York, New York"}
{"level":"\u001b[32minfo\u001b[39m","message":"New York, New York cached with value:"}
{"level":"\u001b[32minfo\u001b[39m","message":{"city":"new york","id":15}}
{"level":"\u001b[32minfo\u001b[39m","message":"Found city new york"}
{"level":"\u001b[33mwarn\u001b[39m","message":"Award already exists, continuing"}
{"level":"\u001b[32minfo\u001b[39m","message":"Award 36 of 796"}
{"level":"\u001b[32minfo\u001b[39m","message":"James Beard: Frasca Food and Wine, Outstanding Service, 2019, Boulder, Colorado"}
{"level":"\u001b[32minfo\u001b[39m","message":"Boulder, Colorado cached as false, returning null"}
{"level":"\u001b[33mwarn\u001b[39m","message":"Award already exists, continuing"}
{"level":"\u001b[32minfo\u001b[39m","message":"Award 37 of 796"}
{"level":"\u001b[32minfo\u001b[39m","message":"James Beard: Uni, Best Chef: Northeast, 2019, Boston, Massachusetts"}
{"level":"\u001b[32minfo\u001b[39m","message":"Boston, Massachusetts cached with value:"}
{"level":"\u001b[32minfo\u001b[39m","message":{"city":"boston","id":3}}
{"level":"\u001b[32minfo\u001b[39m","message":"Found city boston"}
{"level":"\u001b[33mwarn\u001b[39m","message":"Award already exists, continuing"}
{"level":"\u001b[32minfo\u001b[39m","message":"Award 38 of 796"}
{"level":"\u001b[32minfo\u001b[39m","message":"James Beard: Annie's Paramount Steakhouse, America's Classics, 2019, Washington, District of Columbia"}
{"level":"\u001b[32minfo\u001b[39m","message":"Washington, District of Columbia cached with value:"}
{"level":"\u001b[32minfo\u001b[39m","message":{"city":"washington","id":23}}
{"level":"\u001b[32minfo\u001b[39m","message":"Found city washington"}
{"level":"\u001b[33mwarn\u001b[39m","message":"Award already exists, continuing"}
{"level":"\u001b[32minfo\u001b[39m","message":"Award 39 of 796"}
{"level":"\u001b[32minfo\u001b[39m","message":"James Beard: Zahav, Outstanding Restaurant, 2019, Philadelphia, Pennsylvania"}
{"level":"\u001b[32minfo\u001b[39m","message":"Philadelphia, Pennsylvania cached as false, returning null"}
{"level":"\u001b[33mwarn\u001b[39m","message":"Award already exists, continuing"}
{"level":"\u001b[32minfo\u001b[39m","message":"Award 40 of 796"}
{"level":"\u001b[32minfo\u001b[39m","message":"James Beard: Benu, Outstanding Wine Program, 2019, San Francisco, California"}
{"level":"\u001b[32minfo\u001b[39m","message":"San Francisco, California cached with value:"}
{"level":"\u001b[32minfo\u001b[39m","message":{"city":"san francisco","id":20}}
{"level":"\u001b[32minfo\u001b[39m","message":"Found city san francisco"}
{"level":"\u001b[33mwarn\u001b[39m","message":"Award already exists, continuing"}
{"level":"\u001b[32minfo\u001b[39m","message":"Award 41 of 796"}
{"level":"\u001b[32minfo\u001b[39m","message":"James Beard: Canlis, Best Chef: Northwest, 2019, Seattle, Washington"}
{"level":"\u001b[32minfo\u001b[39m","message":"Seattle, Washington cached with value:"}
{"level":"\u001b[32minfo\u001b[39m","message":{"city":"seattle","id":21}}
{"level":"\u001b[32minfo\u001b[39m","message":"Found city seattle"}
{"level":"\u001b[33mwarn\u001b[39m","message":"Award already exists, continuing"}
{"level":"\u001b[32minfo\u001b[39m","message":"Award 42 of 796"}
{"level":"\u001b[32minfo\u001b[39m","message":"James Beard: Willa Jean, Outstanding Pastry Chef, 2019, New Orleans, Louisiana"}
{"level":"\u001b[32minfo\u001b[39m","message":"New Orleans, Louisiana cached with value:"}
{"level":"\u001b[32minfo\u001b[39m","message":{"city":"new orleans","id":14}}
{"level":"\u001b[32minfo\u001b[39m","message":"Found city new orleans"}
{"level":"\u001b[33mwarn\u001b[39m","message":"Award already exists, continuing"}
{"level":"\u001b[32minfo\u001b[39m","message":"Award 43 of 796"}
{"level":"\u001b[32minfo\u001b[39m","message":"James Beard: Bar Agricole, Outstanding Bar Program, 2019, San Francisco, California"}
{"level":"\u001b[32minfo\u001b[39m","message":"San Francisco, California cached with value:"}
{"level":"\u001b[32minfo\u001b[39m","message":{"city":"san francisco","id":20}}
{"level":"\u001b[32minfo\u001b[39m","message":"Found city san francisco"}
{"level":"\u001b[33mwarn\u001b[39m","message":"Award already exists, continuing"}
{"level":"\u001b[32minfo\u001b[39m","message":"Award 44 of 796"}
{"level":"\u001b[32minfo\u001b[39m","message":"James Beard: Poole's Diner, Outstanding Chef, 2019, Raleigh, North Carolina"}
{"level":"\u001b[32minfo\u001b[39m","message":"Raleigh, North Carolina cached as false, returning null"}
{"level":"\u001b[33mwarn\u001b[39m","message":"Award already exists, continuing"}
{"level":"\u001b[32minfo\u001b[39m","message":"Award 45 of 796"}
{"level":"\u001b[32minfo\u001b[39m","message":"James Beard: Canlis, Design Icon, 2019, Seattle, Washington"}
{"level":"\u001b[32minfo\u001b[39m","message":"Seattle, Washington cached with value:"}
{"level":"\u001b[32minfo\u001b[39m","message":{"city":"seattle","id":21}}
{"level":"\u001b[32minfo\u001b[39m","message":"Found city seattle"}
{"level":"\u001b[33mwarn\u001b[39m","message":"Award already exists, continuing"}
{"level":"\u001b[32minfo\u001b[39m","message":"Award 46 of 796"}
{"level":"\u001b[32minfo\u001b[39m","message":"James Beard: Snackbar, Best Chef: South, 2019, Oxford, Mississippi"}
{"level":"\u001b[32minfo\u001b[39m","message":"Oxford, Mississippi cached as false, returning null"}
{"level":"\u001b[33mwarn\u001b[39m","message":"Award already exists, continuing"}
{"level":"\u001b[32minfo\u001b[39m","message":"Award 47 of 796"}
{"level":"\u001b[32minfo\u001b[39m","message":"James Beard: Young Joni, Best Chef: Midwest, 2019, Minneapolis, Minnesota"}
{"level":"\u001b[32minfo\u001b[39m","message":"Minneapolis, Minnesota cached as false, returning null"}
{"level":"\u001b[33mwarn\u001b[39m","message":"Award already exists, continuing"}
{"level":"\u001b[32minfo\u001b[39m","message":"Award 48 of 796"}
{"level":"\u001b[32minfo\u001b[39m","message":"James Beard: The Grey, Best Chef: Southeast, 2019, Savannah, Georgia"}
{"level":"\u001b[32minfo\u001b[39m","message":"Savannah, Georgia cached as false, returning null"}
{"level":"\u001b[33mwarn\u001b[39m","message":"Award already exists, continuing"}
{"level":"\u001b[32minfo\u001b[39m","message":"Award 49 of 796"}
{"level":"\u001b[32minfo\u001b[39m","message":"James Beard: Parachute, Best Chef: Great Lakes, 2019, Chicago, Illinois"}
{"level":"\u001b[32minfo\u001b[39m","message":"Chicago, Illinois cached with value:"}
{"level":"\u001b[32minfo\u001b[39m","message":{"city":"chicago","id":4}}
{"level":"\u001b[32minfo\u001b[39m","message":"Found city chicago"}
{"level":"\u001b[33mwarn\u001b[39m","message":"Award already exists, continuing"}
{"level":"\u001b[32minfo\u001b[39m","message":"Award 50 of 796"}
{"level":"\u001b[32minfo\u001b[39m","message":"James Beard: Parachute, Best Chef: Great Lakes, 2019, Chicago, Illinois"}
{"level":"\u001b[32minfo\u001b[39m","message":"Chicago, Illinois cached with value:"}
{"level":"\u001b[32minfo\u001b[39m","message":{"city":"chicago","id":4}}
{"level":"\u001b[32minfo\u001b[39m","message":"Found city chicago"}
{"level":"\u001b[33mwarn\u001b[39m","message":"Award already exists, continuing"}
{"level":"\u001b[32minfo\u001b[39m","message":"Award 51 of 796"}
{"level":"\u001b[32minfo\u001b[39m","message":"James Beard: Frenchette, Best New Restaurant, 2019, New York, New York"}
{"level":"\u001b[32minfo\u001b[39m","message":"New York, New York cached with value:"}
{"level":"\u001b[32minfo\u001b[39m","message":{"city":"new york","id":15}}
{"level":"\u001b[32minfo\u001b[39m","message":"Found city new york"}
{"level":"\u001b[33mwarn\u001b[39m","message":"Award already exists, continuing"}
{"level":"\u001b[32minfo\u001b[39m","message":"Award 52 of 796"}
{"level":"\u001b[32minfo\u001b[39m","message":"James Beard: FnB Restaurant, Best Chef: Southwest, 2019, Scottsdale, Arizona"}
{"level":"\u001b[32minfo\u001b[39m","message":"Scottsdale, Arizona cached as false, returning null"}
{"level":"\u001b[33mwarn\u001b[39m","message":"Award already exists, continuing"}
{"level":"\u001b[32minfo\u001b[39m","message":"Award 53 of 796"}
{"level":"\u001b[32minfo\u001b[39m","message":"James Beard: Sehnert's Bakery & Bieroc Cafe, America's Classics, 2019, McCook, Nebraska"}
{"level":"\u001b[32minfo\u001b[39m","message":"McCook, Nebraska cached as false, returning null"}
{"level":"\u001b[33mwarn\u001b[39m","message":"Award already exists, continuing"}
{"level":"\u001b[32minfo\u001b[39m","message":"Award 54 of 796"}
{"level":"\u001b[32minfo\u001b[39m","message":"James Beard: Allagash Brewing Company, Outstanding Wine, Spirits, or Beer Producer, 2019, Portland, Maine"}
{"level":"\u001b[32minfo\u001b[39m","message":"Portland, Maine cached as false, returning null"}
{"level":"\u001b[33mwarn\u001b[39m","message":"Award already exists, continuing"}
{"level":"\u001b[32minfo\u001b[39m","message":"Award 55 of 796"}
{"level":"\u001b[32minfo\u001b[39m","message":"James Beard: A&A Bake & Double Roti Shop, America's Classics, 2019, Brookyln, New York"}
{"level":"\u001b[32minfo\u001b[39m","message":"Brookyln, New York cached with value:"}
{"level":"\u001b[32minfo\u001b[39m","message":{"city":"new york","id":15}}
{"level":"\u001b[32minfo\u001b[39m","message":"Found city new york"}
{"level":"\u001b[33mwarn\u001b[39m","message":"Award already exists, continuing"}
{"level":"\u001b[32minfo\u001b[39m","message":"Award 56 of 796"}
{"level":"\u001b[32minfo\u001b[39m","message":"James Beard: Kith and Kin, Rising Star Chef of the Year, 2019, Washington, District of Columbia"}
{"level":"\u001b[32minfo\u001b[39m","message":"Washington, District of Columbia cached with value:"}
{"level":"\u001b[32minfo\u001b[39m","message":{"city":"washington","id":23}}
{"level":"\u001b[32minfo\u001b[39m","message":"Found city washington"}
{"level":"\u001b[33mwarn\u001b[39m","message":"Award already exists, continuing"}
{"level":"\u001b[32minfo\u001b[39m","message":"Award 57 of 796"}
{"level":"\u001b[32minfo\u001b[39m","message":"James Beard: Pho 79, America's Classics, 2019, Garden Grove, California"}
{"level":"\u001b[32minfo\u001b[39m","message":"Garden Grove, California cached as false, returning null"}
{"level":"\u001b[33mwarn\u001b[39m","message":"Award already exists, continuing"}
{"level":"\u001b[32minfo\u001b[39m","message":"Award 58 of 796"}
{"level":"\u001b[32minfo\u001b[39m","message":"James Beard: Bad Saint, Best Chef: Mid-Atlantic, 2019, Washington, District of Columbia"}
{"level":"\u001b[32minfo\u001b[39m","message":"Washington, District of Columbia cached with value:"}
{"level":"\u001b[32minfo\u001b[39m","message":{"city":"washington","id":23}}
{"level":"\u001b[32minfo\u001b[39m","message":"Found city washington"}
{"level":"\u001b[33mwarn\u001b[39m","message":"Award already exists, continuing"}
{"level":"\u001b[32minfo\u001b[39m","message":"Award 59 of 796"}
{"level":"\u001b[32minfo\u001b[39m","message":"James Beard: Providence, Best Chef: West, 2019, Los Angeles, California"}
{"level":"\u001b[32minfo\u001b[39m","message":"Los Angeles, California cached with value:"}
{"level":"\u001b[32minfo\u001b[39m","message":{"city":"los angeles","id":9}}
{"level":"\u001b[32minfo\u001b[39m","message":"Found city los angeles"}
{"level":"\u001b[33mwarn\u001b[39m","message":"Award already exists, continuing"}
{"level":"\u001b[32minfo\u001b[39m","message":"Award 60 of 796"}
{"level":"\u001b[32minfo\u001b[39m","message":"James Beard: Via Carota, Best Chef: New York City, 2019, New York, New York"}
{"level":"\u001b[32minfo\u001b[39m","message":"New York, New York cached with value:"}
{"level":"\u001b[32minfo\u001b[39m","message":{"city":"new york","id":15}}
{"level":"\u001b[32minfo\u001b[39m","message":"Found city new york"}
{"level":"\u001b[33mwarn\u001b[39m","message":"Award already exists, continuing"}
{"level":"\u001b[32minfo\u001b[39m","message":"Award 61 of 796"}
{"level":"\u001b[32minfo\u001b[39m","message":"James Beard: Compère Lapin, Best Chef: South, 2018, New Orleans, Louisiana"}
{"level":"\u001b[32minfo\u001b[39m","message":"New Orleans, Louisiana cached with value:"}
{"level":"\u001b[32minfo\u001b[39m","message":{"city":"new orleans","id":14}}
{"level":"\u001b[32minfo\u001b[39m","message":"Found city new orleans"}
{"level":"\u001b[33mwarn\u001b[39m","message":"Award already exists, continuing"}
{"level":"\u001b[32minfo\u001b[39m","message":"Award 62 of 796"}
{"level":"\u001b[32minfo\u001b[39m","message":"James Beard: Rodney Scott’s BBQ, Best Chef: Southeast, 2018, Charleston, South Carolina"}
{"level":"\u001b[32minfo\u001b[39m","message":"Charleston, South Carolina cached as false, returning null"}
{"level":"\u001b[32minfo\u001b[39m","message":"Navigating to https://www.jamesbeard.org/awards/search?ranks%5BWinner%5D=1&categories%5BRestaurant+%26+Chef%5D=1&page=1"}
{"level":"\u001b[32minfo\u001b[39m","message":"Navigating to https://www.jamesbeard.org/awards/search?ranks%5BWinner%5D=1&categories%5BRestaurant+%26+Chef%5D=1&page=1"}
{"level":"\u001b[32minfo\u001b[39m","message":"Navigating to https://www.jamesbeard.org/awards/search?ranks%5BWinner%5D=1&categories%5BRestaurant+%26+Chef%5D=1&page=2"}
{"level":"\u001b[32minfo\u001b[39m","message":"Navigating to https://www.jamesbeard.org/awards/search?ranks%5BWinner%5D=1&categories%5BRestaurant+%26+Chef%5D=1&page=2"}
{"level":"\u001b[32minfo\u001b[39m","message":"Navigating to https://www.jamesbeard.org/awards/search?ranks%5BWinner%5D=1&categories%5BRestaurant+%26+Chef%5D=1&page=3"}
{"level":"\u001b[32minfo\u001b[39m","message":"Navigating to https://www.jamesbeard.org/awards/search?ranks%5BWinner%5D=1&categories%5BRestaurant+%26+Chef%5D=1&page=3"}
{"level":"\u001b[32minfo\u001b[39m","message":"Navigating to https://www.jamesbeard.org/awards/search?ranks%5BWinner%5D=1&categories%5BRestaurant+%26+Chef%5D=1&page=4"}
{"level":"\u001b[32minfo\u001b[39m","message":"Navigating to https://www.jamesbeard.org/awards/search?ranks%5BWinner%5D=1&categories%5BRestaurant+%26+Chef%5D=1&page=4"}
{"level":"\u001b[32minfo\u001b[39m","message":"Navigating to https://www.jamesbeard.org/awards/search?ranks%5BWinner%5D=1&categories%5BRestaurant+%26+Chef%5D=1&page=5"}
{"level":"\u001b[32minfo\u001b[39m","message":"Navigating to https://www.jamesbeard.org/awards/search?ranks%5BWinner%5D=1&categories%5BRestaurant+%26+Chef%5D=1&page=5"}
{"level":"\u001b[32minfo\u001b[39m","message":"Navigating to https://www.jamesbeard.org/awards/search?ranks%5BWinner%5D=1&categories%5BRestaurant+%26+Chef%5D=1&page=6"}
{"level":"\u001b[32minfo\u001b[39m","message":"Navigating to https://www.jamesbeard.org/awards/search?ranks%5BWinner%5D=1&categories%5BRestaurant+%26+Chef%5D=1&page=6"}
{"level":"\u001b[32minfo\u001b[39m","message":"Navigating to https://www.jamesbeard.org/awards/search?ranks%5BWinner%5D=1&categories%5BRestaurant+%26+Chef%5D=1&page=7"}
{"level":"\u001b[32minfo\u001b[39m","message":"Navigating to https://www.jamesbeard.org/awards/search?ranks%5BWinner%5D=1&categories%5BRestaurant+%26+Chef%5D=1&page=7"}
{"level":"\u001b[32minfo\u001b[39m","message":"Navigating to https://www.jamesbeard.org/awards/search?ranks%5BWinner%5D=1&categories%5BRestaurant+%26+Chef%5D=1&page=8"}
{"level":"\u001b[32minfo\u001b[39m","message":"Navigating to https://www.jamesbeard.org/awards/search?ranks%5BWinner%5D=1&categories%5BRestaurant+%26+Chef%5D=1&page=8"}
{"level":"\u001b[32minfo\u001b[39m","message":"Navigating to https://www.jamesbeard.org/awards/search?ranks%5BWinner%5D=1&categories%5BRestaurant+%26+Chef%5D=1&page=9"}
{"level":"\u001b[32minfo\u001b[39m","message":"Navigating to https://www.jamesbeard.org/awards/search?ranks%5BWinner%5D=1&categories%5BRestaurant+%26+Chef%5D=1&page=9"}
{"level":"\u001b[32minfo\u001b[39m","message":"Navigating to https://www.jamesbeard.org/awards/search?ranks%5BWinner%5D=1&categories%5BRestaurant+%26+Chef%5D=1&page=10"}
{"level":"\u001b[32minfo\u001b[39m","message":"Navigating to https://www.jamesbeard.org/awards/search?ranks%5BWinner%5D=1&categories%5BRestaurant+%26+Chef%5D=1&page=10"}
{"level":"\u001b[32minfo\u001b[39m","message":"Navigating to https://www.jamesbeard.org/awards/search?ranks%5BWinner%5D=1&categories%5BRestaurant+%26+Chef%5D=1&page=11"}
{"level":"\u001b[32minfo\u001b[39m","message":"Navigating to https://www.jamesbeard.org/awards/search?ranks%5BWinner%5D=1&categories%5BRestaurant+%26+Chef%5D=1&page=11"}
{"level":"\u001b[32minfo\u001b[39m","message":"Navigating to https://www.jamesbeard.org/awards/search?ranks%5BWinner%5D=1&categories%5BRestaurant+%26+Chef%5D=1&page=12"}
{"level":"\u001b[32minfo\u001b[39m","message":"Navigating to https://www.jamesbeard.org/awards/search?ranks%5BWinner%5D=1&categories%5BRestaurant+%26+Chef%5D=1&page=12"}
{"level":"\u001b[32minfo\u001b[39m","message":"Navigating to https://www.jamesbeard.org/awards/search?ranks%5BWinner%5D=1&categories%5BRestaurant+%26+Chef%5D=1&page=13"}
{"level":"\u001b[32minfo\u001b[39m","message":"Navigating to https://www.jamesbeard.org/awards/search?ranks%5BWinner%5D=1&categories%5BRestaurant+%26+Chef%5D=1&page=13"}
{"level":"\u001b[32minfo\u001b[39m","message":"James Beard: Casa Vega, America's Classics, 2022, Sherman Oaks"}
{"level":"\u001b[32minfo\u001b[39m","message":"Sherman Oaks cached with value:"}
{"level":"\u001b[32minfo\u001b[39m","message":{"city":"los angeles","id":9}}
{"level":"\u001b[32minfo\u001b[39m","message":"Found city los angeles"}
{"level":"\u001b[33mwarn\u001b[39m","message":"Award already exists, continuing"}
{"level":"\u001b[32minfo\u001b[39m","message":"James Beard: Automatic Seafood and Oysters, Best Chef: South, 2022, Birmingham, Alabama"}
{"level":"\u001b[32minfo\u001b[39m","message":"Birmingham, Alabama cached as false, returning null"}
{"level":"\u001b[33mwarn\u001b[39m","message":"Award already exists, continuing"}
{"level":"\u001b[32minfo\u001b[39m","message":"James Beard: Chai Pani, Outstanding Restaurant, 2022, Asheville"}
{"level":"\u001b[32minfo\u001b[39m","message":"Asheville cached as false, returning null"}
{"level":"\u001b[33mwarn\u001b[39m","message":"Award already exists, continuing"}
{"level":"\u001b[32minfo\u001b[39m","message":"James Beard: The Busy Bee Café, America's Classics, 2022, Atlanta"}
{"level":"\u001b[32minfo\u001b[39m","message":"Atlanta cached as false, returning null"}
{"level":"\u001b[33mwarn\u001b[39m","message":"Award already exists, continuing"}
{"level":"\u001b[32minfo\u001b[39m","message":"James Beard: Owamni, Best New Restaurant, 2022, Minneapolis"}
{"level":"\u001b[32minfo\u001b[39m","message":"Minneapolis cached as false, returning null"}
{"level":"\u001b[33mwarn\u001b[39m","message":"Award already exists, continuing"}
{"level":"\u001b[32minfo\u001b[39m","message":"James Beard: Sazón, Best Chef: Southwest, 2022, Santa Fe, New Mexico"}
{"level":"\u001b[32minfo\u001b[39m","message":"Santa Fe, New Mexico cached as false, returning null"}
{"level":"\u001b[33mwarn\u001b[39m","message":"Award already exists, continuing"}
{"level":"\u001b[32minfo\u001b[39m","message":"James Beard: Solly's Grille, America's Classics, 2022, Milwaukee"}
{"level":"\u001b[32minfo\u001b[39m","message":"Milwaukee cached as false, returning null"}
{"level":"\u001b[33mwarn\u001b[39m","message":"Award already exists, continuing"}
{"level":"\u001b[32minfo\u001b[39m","message":"James Beard: South Philly Barbacoa, Best Chef: Mid-Atlantic, 2022, Philadelphia, PA"}
{"level":"\u001b[32minfo\u001b[39m","message":"Philadelphia, PA cached as false, returning null"}
{"level":"\u001b[33mwarn\u001b[39m","message":"Award already exists, continuing"}
{"level":"\u001b[32minfo\u001b[39m","message":"James Beard: Annette, Best Chef: Mountain, 2022, Aurora, CO"}
{"level":"\u001b[32minfo\u001b[39m","message":"Aurora, CO cached as false, returning null"}
{"level":"\u001b[33mwarn\u001b[39m","message":"Award already exists, continuing"}
{"level":"\u001b[32minfo\u001b[39m","message":"James Beard: Warda Pâtisserie, Outstanding Pastry Chef, 2022, Detroit"}
{"level":"\u001b[32minfo\u001b[39m","message":"Detroit cached as false, returning null"}
{"level":"\u001b[33mwarn\u001b[39m","message":"Award already exists, continuing"}
{"level":"\u001b[32minfo\u001b[39m","message":"James Beard: Wo Hop, America's Classics, 2022, New York"}
{"level":"\u001b[32minfo\u001b[39m","message":"New York cached with value:"}
{"level":"\u001b[32minfo\u001b[39m","message":{"city":"new york","id":15}}
{"level":"\u001b[32minfo\u001b[39m","message":"Found city new york"}
{"level":"\u001b[33mwarn\u001b[39m","message":"Award already exists, continuing"}
{"level":"\u001b[32minfo\u001b[39m","message":"James Beard: Mister Jiu's, Best Chef: California, 2022, San Francisco, CA"}
{"level":"\u001b[32minfo\u001b[39m","message":"San Francisco, CA cached with value:"}
{"level":"\u001b[32minfo\u001b[39m","message":{"city":"san francisco","id":20}}
{"level":"\u001b[32minfo\u001b[39m","message":"Found city san francisco"}
{"level":"\u001b[33mwarn\u001b[39m","message":"Award already exists, continuing"}
{"level":"\u001b[32minfo\u001b[39m","message":"James Beard: Virtue Restaurant & Bar, Best Chef: Great Lakes, 2022, Chicago, IL"}
{"level":"\u001b[32minfo\u001b[39m","message":"Chicago, IL cached with value:"}
{"level":"\u001b[32minfo\u001b[39m","message":{"city":"chicago","id":4}}
{"level":"\u001b[32minfo\u001b[39m","message":"Found city chicago"}
{"level":"\u001b[33mwarn\u001b[39m","message":"Award already exists, continuing"}
{"level":"\u001b[32minfo\u001b[39m","message":"James Beard: The Diplomat, Best Chef: Midwest, 2022, Milwaukee, WI"}
{"level":"\u001b[32minfo\u001b[39m","message":"Milwaukee, WI cached as false, returning null"}
{"level":"\u001b[33mwarn\u001b[39m","message":"Award already exists, continuing"}
{"level":"\u001b[32minfo\u001b[39m","message":"James Beard: Dhamaka, Best Chef: New York State, 2022, New York, NY"}
{"level":"\u001b[32minfo\u001b[39m","message":"New York, NY cached with value:"}
{"level":"\u001b[32minfo\u001b[39m","message":{"city":"new york","id":15}}
{"level":"\u001b[32minfo\u001b[39m","message":"Found city new york"}
{"level":"\u001b[33mwarn\u001b[39m","message":"Award already exists, continuing"}
{"level":"\u001b[32minfo\u001b[39m","message":"James Beard: Florence's Restaurant, America's Classics, 2022, Oklahoma City"}
{"level":"\u001b[32minfo\u001b[39m","message":"Oklahoma City cached as false, returning null"}
{"level":"\u001b[33mwarn\u001b[39m","message":"Award already exists, continuing"}
{"level":"\u001b[32minfo\u001b[39m","message":"James Beard: The Four Horsemen, Outstanding Wine Program, 2022, Brooklyn"}
{"level":"\u001b[32minfo\u001b[39m","message":"Brooklyn cached with value:"}
{"level":"\u001b[32minfo\u001b[39m","message":{"city":"new york","id":15}}
{"level":"\u001b[32minfo\u001b[39m","message":"Found city new york"}
{"level":"\u001b[33mwarn\u001b[39m","message":"Award already exists, continuing"}
{"level":"\u001b[32minfo\u001b[39m","message":"James Beard: El Naranjo, Best Chef: Texas, 2022, Austin, TX"}
{"level":"\u001b[32minfo\u001b[39m","message":"Austin, TX cached with value:"}
{"level":"\u001b[32minfo\u001b[39m","message":{"city":"austin","id":2}}
{"level":"\u001b[32minfo\u001b[39m","message":"Found city austin"}
{"level":"\u001b[33mwarn\u001b[39m","message":"Award already exists, continuing"}
{"level":"\u001b[32minfo\u001b[39m","message":"James Beard: SALTBOX Seafood Joint, Best Chef: Southeast, 2022, Durham, North Carolina"}
{"level":"\u001b[32minfo\u001b[39m","message":"Durham, North Carolina cached as false, returning null"}
{"level":"\u001b[33mwarn\u001b[39m","message":"Award already exists, continuing"}
{"level":"\u001b[32minfo\u001b[39m","message":"James Beard: Saap, Best Chef: Northeast, 2022, Randolph, VT"}
{"level":"\u001b[32minfo\u001b[39m","message":"Randolph, VT cached as false, returning null"}
{"level":"\u001b[33mwarn\u001b[39m","message":"Award already exists, continuing"}
{"level":"\u001b[32minfo\u001b[39m","message":"James Beard: The Grey, Outstanding Chef, 2022, Savannah"}
{"level":"\u001b[32minfo\u001b[39m","message":"Savannah cached as false, returning null"}
{"level":"\u001b[33mwarn\u001b[39m","message":"Award already exists, continuing"}
{"level":"\u001b[32minfo\u001b[39m","message":"James Beard: Fête, Best Chef: Northwest & Pacific, 2022, Honolulu"}
{"level":"\u001b[32minfo\u001b[39m","message":"Honolulu cached as false, returning null"}
{"level":"\u001b[33mwarn\u001b[39m","message":"Award already exists, continuing"}
{"level":"\u001b[32minfo\u001b[39m","message":"James Beard: Barrio Bread, Outstanding Baker, 2022, Tucson"}
{"level":"\u001b[32minfo\u001b[39m","message":"Tucson cached as false, returning null"}
{"level":"\u001b[33mwarn\u001b[39m","message":"Award already exists, continuing"}
{"level":"\u001b[32minfo\u001b[39m","message":"James Beard: Corinne's Place, America's Classics, 2022, Camden"}
{"level":"\u001b[32minfo\u001b[39m","message":"Camden cached with value:"}
{"level":"\u001b[32minfo\u001b[39m","message":{"city":"london","id":8}}
{"level":"\u001b[32minfo\u001b[39m","message":"Found city london"}
{"level":"\u001b[33mwarn\u001b[39m","message":"Award already exists, continuing"}
{"level":"\u001b[32minfo\u001b[39m","message":"James Beard: Julep, Outstanding Bar Program, 2022, Houston"}
{"level":"\u001b[32minfo\u001b[39m","message":"Houston cached with value:"}
{"level":"\u001b[32minfo\u001b[39m","message":{"city":"houston","id":6}}
{"level":"\u001b[32minfo\u001b[39m","message":"Found city houston"}
{"level":"\u001b[33mwarn\u001b[39m","message":"Award already exists, continuing"}
{"level":"\u001b[32minfo\u001b[39m","message":"James Beard: Chez Panisse, Design Icon, 2020, Berkeley, California"}
{"level":"\u001b[32minfo\u001b[39m","message":"Berkeley, California cached as false, returning null"}
{"level":"\u001b[33mwarn\u001b[39m","message":"Award already exists, continuing"}
{"level":"\u001b[32minfo\u001b[39m","message":"James Beard: Puritan Backroom, America's Classics, 2020, Manchester, New Hampshire"}
{"level":"\u001b[32minfo\u001b[39m","message":"Manchester, New Hampshire cached as false, returning null"}
{"level":"\u001b[33mwarn\u001b[39m","message":"Award already exists, continuing"}
{"level":"\u001b[32minfo\u001b[39m","message":"James Beard: Zehnder's of Frankenmuth, America's Classics, 2020, Frankenmuth, Michigan"}
{"level":"\u001b[32minfo\u001b[39m","message":"Frankenmuth, Michigan cached as false, returning null"}
{"level":"\u001b[33mwarn\u001b[39m","message":"Award already exists, continuing"}
{"level":"\u001b[32minfo\u001b[39m","message":"James Beard: Oriental Mart, America's Classics, 2020, Seattle, Washington"}
{"level":"\u001b[32minfo\u001b[39m","message":"Seattle, Washington cached with value:"}
{"level":"\u001b[32minfo\u001b[39m","message":{"city":"seattle","id":21}}
{"level":"\u001b[32minfo\u001b[39m","message":"Found city seattle"}
{"level":"\u001b[33mwarn\u001b[39m","message":"Award already exists, continuing"}
{"level":"\u001b[32minfo\u001b[39m","message":"James Beard: Vera's Backyard Bar-B-Que, America's Classics, 2020, Brownsville, Texas"}
{"level":"\u001b[32minfo\u001b[39m","message":"Brownsville, Texas cached as false, returning null"}
{"level":"\u001b[33mwarn\u001b[39m","message":"Award already exists, continuing"}
{"level":"\u001b[32minfo\u001b[39m","message":"James Beard: El Taco De Mexico, America's Classics, 2020, Denver, Colorado"}
{"level":"\u001b[32minfo\u001b[39m","message":"Denver, Colorado cached with value:"}
{"level":"\u001b[32minfo\u001b[39m","message":{"city":"denver","id":5}}
{"level":"\u001b[32minfo\u001b[39m","message":"Found city denver"}
{"level":"\u001b[33mwarn\u001b[39m","message":"Award already exists, continuing"}
{"level":"\u001b[32minfo\u001b[39m","message":"James Beard: Lassis Inn, America's Classics, 2020, Little Rock, Arkansas"}
{"level":"\u001b[32minfo\u001b[39m","message":"Little Rock, Arkansas cached as false, returning null"}
{"level":"\u001b[33mwarn\u001b[39m","message":"Award already exists, continuing"}
{"level":"\u001b[32minfo\u001b[39m","message":"James Beard: Publican Quality Bread, Outstanding Baker, 2019, Chicago, Illinois"}
{"level":"\u001b[32minfo\u001b[39m","message":"Chicago, Illinois cached with value:"}
{"level":"\u001b[32minfo\u001b[39m","message":{"city":"chicago","id":4}}
{"level":"\u001b[32minfo\u001b[39m","message":"Found city chicago"}
{"level":"\u001b[33mwarn\u001b[39m","message":"Award already exists, continuing"}
{"level":"\u001b[32minfo\u001b[39m","message":"James Beard: Jim's Steak & Spaghetti House, America's Classics, 2019, Huntington, West Virginia"}
{"level":"\u001b[32minfo\u001b[39m","message":"Huntington, West Virginia cached as false, returning null"}
{"level":"\u001b[33mwarn\u001b[39m","message":"Award already exists, continuing"}
{"level":"\u001b[32minfo\u001b[39m","message":"James Beard: Via Carota, Best Chef: New York City, 2019, New York, New York"}
{"level":"\u001b[32minfo\u001b[39m","message":"New York, New York cached with value:"}
{"level":"\u001b[32minfo\u001b[39m","message":{"city":"new york","id":15}}
{"level":"\u001b[32minfo\u001b[39m","message":"Found city new york"}
{"level":"\u001b[33mwarn\u001b[39m","message":"Award already exists, continuing"}
{"level":"\u001b[32minfo\u001b[39m","message":"James Beard: Frasca Food and Wine, Outstanding Service, 2019, Boulder, Colorado"}
{"level":"\u001b[32minfo\u001b[39m","message":"Boulder, Colorado cached as false, returning null"}
{"level":"\u001b[33mwarn\u001b[39m","message":"Award already exists, continuing"}
{"level":"\u001b[32minfo\u001b[39m","message":"James Beard: Uni, Best Chef: Northeast, 2019, Boston, Massachusetts"}
{"level":"\u001b[32minfo\u001b[39m","message":"Boston, Massachusetts cached with value:"}
{"level":"\u001b[32minfo\u001b[39m","message":{"city":"boston","id":3}}
{"level":"\u001b[32minfo\u001b[39m","message":"Found city boston"}
{"level":"\u001b[33mwarn\u001b[39m","message":"Award already exists, continuing"}
{"level":"\u001b[32minfo\u001b[39m","message":"James Beard: Annie's Paramount Steakhouse, America's Classics, 2019, Washington, District of Columbia"}
{"level":"\u001b[32minfo\u001b[39m","message":"Washington, District of Columbia cached with value:"}
{"level":"\u001b[32minfo\u001b[39m","message":{"city":"washington","id":23}}
{"level":"\u001b[32minfo\u001b[39m","message":"Found city washington"}
{"level":"\u001b[33mwarn\u001b[39m","message":"Award already exists, continuing"}
{"level":"\u001b[32minfo\u001b[39m","message":"James Beard: Zahav, Outstanding Restaurant, 2019, Philadelphia, Pennsylvania"}
{"level":"\u001b[32minfo\u001b[39m","message":"Philadelphia, Pennsylvania cached as false, returning null"}
{"level":"\u001b[33mwarn\u001b[39m","message":"Award already exists, continuing"}
{"level":"\u001b[32minfo\u001b[39m","message":"James Beard: Benu, Outstanding Wine Program, 2019, San Francisco, California"}
{"level":"\u001b[32minfo\u001b[39m","message":"San Francisco, California cached with value:"}
{"level":"\u001b[32minfo\u001b[39m","message":{"city":"san francisco","id":20}}
{"level":"\u001b[32minfo\u001b[39m","message":"Found city san francisco"}
{"level":"\u001b[33mwarn\u001b[39m","message":"Award already exists, continuing"}
{"level":"\u001b[32minfo\u001b[39m","message":"James Beard: Canlis, Best Chef: Northwest, 2019, Seattle, Washington"}
{"level":"\u001b[32minfo\u001b[39m","message":"Seattle, Washington cached with value:"}
{"level":"\u001b[32minfo\u001b[39m","message":{"city":"seattle","id":21}}
{"level":"\u001b[32minfo\u001b[39m","message":"Found city seattle"}
{"level":"\u001b[33mwarn\u001b[39m","message":"Award already exists, continuing"}
{"level":"\u001b[32minfo\u001b[39m","message":"James Beard: Willa Jean, Outstanding Pastry Chef, 2019, New Orleans, Louisiana"}
{"level":"\u001b[32minfo\u001b[39m","message":"New Orleans, Louisiana cached with value:"}
{"level":"\u001b[32minfo\u001b[39m","message":{"city":"new orleans","id":14}}
{"level":"\u001b[32minfo\u001b[39m","message":"Found city new orleans"}
{"level":"\u001b[33mwarn\u001b[39m","message":"Award already exists, continuing"}
{"level":"\u001b[32minfo\u001b[39m","message":"James Beard: Bar Agricole, Outstanding Bar Program, 2019, San Francisco, California"}
{"level":"\u001b[32minfo\u001b[39m","message":"San Francisco, California cached with value:"}
{"level":"\u001b[32minfo\u001b[39m","message":{"city":"san francisco","id":20}}
{"level":"\u001b[32minfo\u001b[39m","message":"Found city san francisco"}
{"level":"\u001b[33mwarn\u001b[39m","message":"Award already exists, continuing"}
{"level":"\u001b[32minfo\u001b[39m","message":"James Beard: Poole's Diner, Outstanding Chef, 2019, Raleigh, North Carolina"}
{"level":"\u001b[32minfo\u001b[39m","message":"Raleigh, North Carolina cached as false, returning null"}
{"level":"\u001b[33mwarn\u001b[39m","message":"Award already exists, continuing"}
{"level":"\u001b[32minfo\u001b[39m","message":"James Beard: Canlis, Design Icon, 2019, Seattle, Washington"}
{"level":"\u001b[32minfo\u001b[39m","message":"Seattle, Washington cached with value:"}
{"level":"\u001b[32minfo\u001b[39m","message":{"city":"seattle","id":21}}
{"level":"\u001b[32minfo\u001b[39m","message":"Found city seattle"}
{"level":"\u001b[33mwarn\u001b[39m","message":"Award already exists, continuing"}
{"level":"\u001b[32minfo\u001b[39m","message":"James Beard: Snackbar, Best Chef: South, 2019, Oxford, Mississippi"}
{"level":"\u001b[32minfo\u001b[39m","message":"Oxford, Mississippi cached as false, returning null"}
{"level":"\u001b[33mwarn\u001b[39m","message":"Award already exists, continuing"}
{"level":"\u001b[32minfo\u001b[39m","message":"James Beard: Young Joni, Best Chef: Midwest, 2019, Minneapolis, Minnesota"}
{"level":"\u001b[32minfo\u001b[39m","message":"Minneapolis, Minnesota cached as false, returning null"}
{"level":"\u001b[33mwarn\u001b[39m","message":"Award already exists, continuing"}
{"level":"\u001b[32minfo\u001b[39m","message":"James Beard: The Grey, Best Chef: Southeast, 2019, Savannah, Georgia"}
{"level":"\u001b[32minfo\u001b[39m","message":"Savannah, Georgia cached as false, returning null"}
{"level":"\u001b[33mwarn\u001b[39m","message":"Award already exists, continuing"}
{"level":"\u001b[32minfo\u001b[39m","message":"James Beard: Parachute, Best Chef: Great Lakes, 2019, Chicago, Illinois"}
{"level":"\u001b[32minfo\u001b[39m","message":"Chicago, Illinois cached with value:"}
{"level":"\u001b[32minfo\u001b[39m","message":{"city":"chicago","id":4}}
{"level":"\u001b[32minfo\u001b[39m","message":"Found city chicago"}
{"level":"\u001b[33mwarn\u001b[39m","message":"Award already exists, continuing"}
{"level":"\u001b[32minfo\u001b[39m","message":"James Beard: Parachute, Best Chef: Great Lakes, 2019, Chicago, Illinois"}
{"level":"\u001b[32minfo\u001b[39m","message":"Chicago, Illinois cached with value:"}
{"level":"\u001b[32minfo\u001b[39m","message":{"city":"chicago","id":4}}
{"level":"\u001b[32minfo\u001b[39m","message":"Found city chicago"}
{"level":"\u001b[33mwarn\u001b[39m","message":"Award already exists, continuing"}
{"level":"\u001b[32minfo\u001b[39m","message":"James Beard: Frenchette, Best New Restaurant, 2019, New York, New York"}
{"level":"\u001b[32minfo\u001b[39m","message":"New York, New York cached with value:"}
{"level":"\u001b[32minfo\u001b[39m","message":{"city":"new york","id":15}}
{"level":"\u001b[32minfo\u001b[39m","message":"Found city new york"}
{"level":"\u001b[33mwarn\u001b[39m","message":"Award already exists, continuing"}
{"level":"\u001b[32minfo\u001b[39m","message":"James Beard: FnB Restaurant, Best Chef: Southwest, 2019, Scottsdale, Arizona"}
{"level":"\u001b[32minfo\u001b[39m","message":"Scottsdale, Arizona cached as false, returning null"}
{"level":"\u001b[33mwarn\u001b[39m","message":"Award already exists, continuing"}
{"level":"\u001b[32minfo\u001b[39m","message":"James Beard: Sehnert's Bakery & Bieroc Cafe, America's Classics, 2019, McCook, Nebraska"}
{"level":"\u001b[32minfo\u001b[39m","message":"McCook, Nebraska cached as false, returning null"}
{"level":"\u001b[33mwarn\u001b[39m","message":"Award already exists, continuing"}
{"level":"\u001b[32minfo\u001b[39m","message":"James Beard: Allagash Brewing Company, Outstanding Wine, Spirits, or Beer Producer, 2019, Portland, Maine"}
{"level":"\u001b[32minfo\u001b[39m","message":"Portland, Maine cached as false, returning null"}
{"level":"\u001b[33mwarn\u001b[39m","message":"Award already exists, continuing"}
{"level":"\u001b[32minfo\u001b[39m","message":"James Beard: A&A Bake & Double Roti Shop, America's Classics, 2019, Brookyln, New York"}
{"level":"\u001b[32minfo\u001b[39m","message":"Brookyln, New York cached with value:"}
{"level":"\u001b[32minfo\u001b[39m","message":{"city":"new york","id":15}}
{"level":"\u001b[32minfo\u001b[39m","message":"Found city new york"}
{"level":"\u001b[33mwarn\u001b[39m","message":"Award already exists, continuing"}
{"level":"\u001b[32minfo\u001b[39m","message":"James Beard: Kith and Kin, Rising Star Chef of the Year, 2019, Washington, District of Columbia"}
{"level":"\u001b[32minfo\u001b[39m","message":"Washington, District of Columbia cached with value:"}
{"level":"\u001b[32minfo\u001b[39m","message":{"city":"washington","id":23}}
{"level":"\u001b[32minfo\u001b[39m","message":"Found city washington"}
{"level":"\u001b[33mwarn\u001b[39m","message":"Award already exists, continuing"}
{"level":"\u001b[32minfo\u001b[39m","message":"James Beard: Pho 79, America's Classics, 2019, Garden Grove, California"}
{"level":"\u001b[32minfo\u001b[39m","message":"Garden Grove, California cached as false, returning null"}
{"level":"\u001b[33mwarn\u001b[39m","message":"Award already exists, continuing"}
{"level":"\u001b[32minfo\u001b[39m","message":"James Beard: Bad Saint, Best Chef: Mid-Atlantic, 2019, Washington, District of Columbia"}
{"level":"\u001b[32minfo\u001b[39m","message":"Washington, District of Columbia cached with value:"}
{"level":"\u001b[32minfo\u001b[39m","message":{"city":"washington","id":23}}
{"level":"\u001b[32minfo\u001b[39m","message":"Found city washington"}
{"level":"\u001b[33mwarn\u001b[39m","message":"Award already exists, continuing"}
{"level":"\u001b[32minfo\u001b[39m","message":"James Beard: Providence, Best Chef: West, 2019, Los Angeles, California"}
{"level":"\u001b[32minfo\u001b[39m","message":"Los Angeles, California cached with value:"}
{"level":"\u001b[32minfo\u001b[39m","message":{"city":"los angeles","id":9}}
{"level":"\u001b[32minfo\u001b[39m","message":"Found city los angeles"}
{"level":"\u001b[33mwarn\u001b[39m","message":"Award already exists, continuing"}
{"level":"\u001b[32minfo\u001b[39m","message":"James Beard: Via Carota, Best Chef: New York City, 2019, New York, New York"}
{"level":"\u001b[32minfo\u001b[39m","message":"New York, New York cached with value:"}
{"level":"\u001b[32minfo\u001b[39m","message":{"city":"new york","id":15}}
{"level":"\u001b[32minfo\u001b[39m","message":"Found city new york"}
{"level":"\u001b[33mwarn\u001b[39m","message":"Award already exists, continuing"}
{"level":"\u001b[32minfo\u001b[39m","message":"James Beard: Compère Lapin, Best Chef: South, 2018, New Orleans, Louisiana"}
{"level":"\u001b[32minfo\u001b[39m","message":"New Orleans, Louisiana cached with value:"}
{"level":"\u001b[32minfo\u001b[39m","message":{"city":"new orleans","id":14}}
{"level":"\u001b[32minfo\u001b[39m","message":"Found city new orleans"}
{"level":"\u001b[33mwarn\u001b[39m","message":"Award already exists, continuing"}
{"level":"\u001b[32minfo\u001b[39m","message":"James Beard: Rodney Scott’s BBQ, Best Chef: Southeast, 2018, Charleston, South Carolina"}
{"level":"\u001b[32minfo\u001b[39m","message":"Charleston, South Carolina cached as false, returning null"}
{"level":"\u001b[33mwarn\u001b[39m","message":"Award already exists, continuing"}
{"level":"\u001b[32minfo\u001b[39m","message":"James Beard: Prune, Outstanding Chef, 2018, New York, New York"}
{"level":"\u001b[32minfo\u001b[39m","message":"New York, New York cached with value:"}
{"level":"\u001b[32minfo\u001b[39m","message":{"city":"new york","id":15}}
{"level":"\u001b[32minfo\u001b[39m","message":"Found city new york"}
{"level":"\u001b[33mwarn\u001b[39m","message":"Award already exists, continuing"}
{"level":"\u001b[32minfo\u001b[39m","message":"James Beard: Fat Rice, Best Chef: Great Lakes, 2018, Chicago, Illinois"}
{"level":"\u001b[32minfo\u001b[39m","message":"Chicago, Illinois cached with value:"}
{"level":"\u001b[32minfo\u001b[39m","message":{"city":"chicago","id":4}}
{"level":"\u001b[32minfo\u001b[39m","message":"Found city chicago"}
{"level":"\u001b[33mwarn\u001b[39m","message":"Award already exists, continuing"}
{"level":"\u001b[32minfo\u001b[39m","message":"James Beard: Myers + Chang, Best Chef: Northeast, 2018, Boston, Massachusetts"}
{"level":"\u001b[32minfo\u001b[39m","message":"Boston, Massachusetts cached with value:"}
{"level":"\u001b[32minfo\u001b[39m","message":{"city":"boston","id":3}}
{"level":"\u001b[32minfo\u001b[39m","message":"Found city boston"}
{"level":"\u001b[33mwarn\u001b[39m","message":"Award already exists, continuing"}
{"level":"\u001b[32minfo\u001b[39m","message":"James Beard: Dong Phuong Bakery, America's Classics, 2018, New Orleans, Louisiana"}
{"level":"\u001b[32minfo\u001b[39m","message":"New Orleans, Louisiana cached with value:"}
{"level":"\u001b[32minfo\u001b[39m","message":{"city":"new orleans","id":14}}
{"level":"\u001b[32minfo\u001b[39m","message":"Found city new orleans"}
{"level":"\u001b[33mwarn\u001b[39m","message":"Award already exists, continuing"}
{"level":"\u001b[32minfo\u001b[39m","message":"James Beard: Sun Wah, America's Classics, 2018, Chicago, Illinois"}
{"level":"\u001b[32minfo\u001b[39m","message":"Chicago, Illinois cached with value:"}
{"level":"\u001b[32minfo\u001b[39m","message":{"city":"chicago","id":4}}
{"level":"\u001b[32minfo\u001b[39m","message":"Found city chicago"}
{"level":"\u001b[33mwarn\u001b[39m","message":"Award already exists, continuing"}
{"level":"\u001b[32minfo\u001b[39m","message":"James Beard: The Dabney, Best Chef: Mid-Atlantic, 2018, Washington, District of Columbia"}
{"level":"\u001b[32minfo\u001b[39m","message":"Washington, District of Columbia cached with value:"}
{"level":"\u001b[32minfo\u001b[39m","message":{"city":"washington","id":23}}
{"level":"\u001b[32minfo\u001b[39m","message":"Found city washington"}
{"level":"\u001b[33mwarn\u001b[39m","message":"Award already exists, continuing"}
{"level":"\u001b[32minfo\u001b[39m","message":"James Beard: Zahav, Rising Star Chef of the Year, 2018, Philadelphia, Pennsylvania"}
{"level":"\u001b[32minfo\u001b[39m","message":"Philadelphia, Pennsylvania cached as false, returning null"}
{"level":"\u001b[33mwarn\u001b[39m","message":"Award already exists, continuing"}
{"level":"\u001b[32minfo\u001b[39m","message":"James Beard: FIG, Outstanding Wine Program, 2018, Charleston, South Carolina"}
{"level":"\u001b[32minfo\u001b[39m","message":"Charleston, South Carolina cached as false, returning null"}
{"level":"\u001b[33mwarn\u001b[39m","message":"Award already exists, continuing"}
{"level":"\u001b[32minfo\u001b[39m","message":"James Beard: Highlands Bar & Grill, Outstanding Restaurant, 2018, Birmingham, Alabama"}
{"level":"\u001b[32minfo\u001b[39m","message":"Birmingham, Alabama cached as false, returning null"}
{"level":"\u001b[33mwarn\u001b[39m","message":"Award already exists, continuing"}
{"level":"\u001b[32minfo\u001b[39m","message":"James Beard: Galleria Umberto, America's Classics, 2018, Boston, Massachusetts"}
{"level":"\u001b[32minfo\u001b[39m","message":"Boston, Massachusetts cached with value:"}
{"level":"\u001b[32minfo\u001b[39m","message":{"city":"boston","id":3}}
{"level":"\u001b[32minfo\u001b[39m","message":"Found city boston"}
{"level":"\u001b[33mwarn\u001b[39m","message":"Award already exists, continuing"}
{"level":"\u001b[32minfo\u001b[39m","message":"James Beard: Cure, Outstanding Bar Program, 2018, New Orleans, Louisiana"}
{"level":"\u001b[32minfo\u001b[39m","message":"New Orleans, Louisiana cached with value:"}
{"level":"\u001b[32minfo\u001b[39m","message":{"city":"new orleans","id":14}}
{"level":"\u001b[32minfo\u001b[39m","message":"Found city new orleans"}
{"level":"\u001b[33mwarn\u001b[39m","message":"Award already exists, continuing"}
{"level":"\u001b[32minfo\u001b[39m","message":"James Beard: Zuni Café, Outstanding Service, 2018, San Francisco, California"}
{"level":"\u001b[32minfo\u001b[39m","message":"San Francisco, California cached with value:"}
{"level":"\u001b[32minfo\u001b[39m","message":{"city":"san francisco","id":20}}
{"level":"\u001b[32minfo\u001b[39m","message":"Found city san francisco"}
{"level":"\u001b[33mwarn\u001b[39m","message":"Award already exists, continuing"}
{"level":"\u001b[32minfo\u001b[39m","message":"James Beard: Mercantile Dining & Provision, Best Chef: Southwest, 2018, Denver, Colorado"}
{"level":"\u001b[32minfo\u001b[39m","message":"Denver, Colorado cached with value:"}
{"level":"\u001b[32minfo\u001b[39m","message":{"city":"denver","id":5}}
{"level":"\u001b[32minfo\u001b[39m","message":"Found city denver"}
{"level":"\u001b[33mwarn\u001b[39m","message":"Award already exists, continuing"}
{"level":"\u001b[32minfo\u001b[39m","message":"James Beard: Spoon and Stable, Best Chef: Midwest, 2018, Minneapolis, Minnesota"}
{"level":"\u001b[32minfo\u001b[39m","message":"Minneapolis, Minnesota cached as false, returning null"}
{"level":"\u001b[33mwarn\u001b[39m","message":"Award already exists, continuing"}
{"level":"\u001b[32minfo\u001b[39m","message":"James Beard: Rodney Scott’s BBQ, Best Chef: Southeast, 2018, Charleston, South Carolina"}
{"level":"\u001b[32minfo\u001b[39m","message":"Charleston, South Carolina cached as false, returning null"}
{"level":"\u001b[33mwarn\u001b[39m","message":"Award already exists, continuing"}
{"level":"\u001b[32minfo\u001b[39m","message":"James Beard: Highlands Bar & Grill, Outstanding Restaurant, 2018, Birmingham, Alabama"}
{"level":"\u001b[32minfo\u001b[39m","message":"Birmingham, Alabama cached as false, returning null"}
{"level":"\u001b[33mwarn\u001b[39m","message":"Award already exists, continuing"}
{"level":"\u001b[32minfo\u001b[39m","message":"James Beard: Fat Rice, Best Chef: Great Lakes, 2018, Chicago, Illinois"}
{"level":"\u001b[32minfo\u001b[39m","message":"Chicago, Illinois cached with value:"}
{"level":"\u001b[32minfo\u001b[39m","message":{"city":"chicago","id":4}}
{"level":"\u001b[32minfo\u001b[39m","message":"Found city chicago"}
{"level":"\u001b[33mwarn\u001b[39m","message":"Award already exists, continuing"}
{"level":"\u001b[32minfo\u001b[39m","message":"James Beard: FIG, Outstanding Wine Program, 2018, Charleston, South Carolina"}
{"level":"\u001b[32minfo\u001b[39m","message":"Charleston, South Carolina cached as false, returning null"}
{"level":"\u001b[33mwarn\u001b[39m","message":"Award already exists, continuing"}
{"level":"\u001b[32minfo\u001b[39m","message":"James Beard: B. Patisserie, Outstanding Baker, 2018, San Francisco, California"}
{"level":"\u001b[32minfo\u001b[39m","message":"San Francisco, California cached with value:"}
{"level":"\u001b[32minfo\u001b[39m","message":{"city":"san francisco","id":20}}
{"level":"\u001b[32minfo\u001b[39m","message":"Found city san francisco"}
{"level":"\u001b[33mwarn\u001b[39m","message":"Award already exists, continuing"}
{"level":"\u001b[32minfo\u001b[39m","message":"James Beard: B. Patisserie, Outstanding Baker, 2018, San Francisco, California"}
{"level":"\u001b[32minfo\u001b[39m","message":"San Francisco, California cached with value:"}
{"level":"\u001b[32minfo\u001b[39m","message":{"city":"san francisco","id":20}}
{"level":"\u001b[32minfo\u001b[39m","message":"Found city san francisco"}
{"level":"\u001b[33mwarn\u001b[39m","message":"Award already exists, continuing"}
{"level":"\u001b[32minfo\u001b[39m","message":"James Beard: Mercantile Dining & Provision, Best Chef: Southwest, 2018, Denver, Colorado"}
{"level":"\u001b[32minfo\u001b[39m","message":"Denver, Colorado cached with value:"}
{"level":"\u001b[32minfo\u001b[39m","message":{"city":"denver","id":5}}
{"level":"\u001b[32minfo\u001b[39m","message":"Found city denver"}
{"level":"\u001b[33mwarn\u001b[39m","message":"Award already exists, continuing"}
{"level":"\u001b[32minfo\u001b[39m","message":"James Beard: Zuni Café, Outstanding Service, 2018, San Francisco, California"}
{"level":"\u001b[32minfo\u001b[39m","message":"San Francisco, California cached with value:"}
{"level":"\u001b[32minfo\u001b[39m","message":{"city":"san francisco","id":20}}
{"level":"\u001b[32minfo\u001b[39m","message":"Found city san francisco"}
{"level":"\u001b[33mwarn\u001b[39m","message":"Award already exists, continuing"}
{"level":"\u001b[32minfo\u001b[39m","message":"James Beard: Galleria Umberto, America's Classics, 2018, Boston, Massachusetts"}
{"level":"\u001b[32minfo\u001b[39m","message":"Boston, Massachusetts cached with value:"}
{"level":"\u001b[32minfo\u001b[39m","message":{"city":"boston","id":3}}
{"level":"\u001b[32minfo\u001b[39m","message":"Found city boston"}
{"level":"\u001b[33mwarn\u001b[39m","message":"Award already exists, continuing"}
{"level":"\u001b[32minfo\u001b[39m","message":"James Beard: Salare, Best Chef: Northwest, 2018, Seattle, Washington"}
{"level":"\u001b[32minfo\u001b[39m","message":"Seattle, Washington cached with value:"}
{"level":"\u001b[32minfo\u001b[39m","message":{"city":"seattle","id":21}}
{"level":"\u001b[32minfo\u001b[39m","message":"Found city seattle"}
{"level":"\u001b[33mwarn\u001b[39m","message":"Award already exists, continuing"}
{"level":"\u001b[32minfo\u001b[39m","message":"James Beard: Bertha's Kitchen, America's Classics, 2017, Charleston, South Carolina"}
{"level":"\u001b[32minfo\u001b[39m","message":"Charleston, South Carolina cached as false, returning null"}
{"level":"\u001b[31merror\u001b[39m","message":"Error message"}
{"level":"\u001b[33mwarn\u001b[39m","message":"Warning message"}
{"level":"\u001b[32minfo\u001b[39m","message":"Info message"}
{"level":"\u001b[31merror\u001b[39m","message":"Error message"}
{"level":"\u001b[33mwarn\u001b[39m","message":"Warning message"}
{"level":"\u001b[32minfo\u001b[39m","message":"Info message"}
{"level":"\u001b[31merror\u001b[39m","message":"Error message"}
{"level":"\u001b[33mwarn\u001b[39m","message":"Warning message"}
{"level":"\u001b[32minfo\u001b[39m","message":"Info message"}
{"level":"\u001b[32mhttp\u001b[39m","message":"HTTP message"}
{"level":"\u001b[31merror\u001b[39m","message":"Error message"}
{"level":"\u001b[33mwarn\u001b[39m","message":"Warning message"}
{"level":"\u001b[32minfo\u001b[39m","message":"Info message"}
{"level":"\u001b[32mhttp\u001b[39m","message":"HTTP message"}
{"level":"\u001b[36mverbose\u001b[39m","message":"Verbose message"}
{"level":"\u001b[34mdebug\u001b[39m","message":"Debug message"}
{"level":"\u001b[35msilly\u001b[39m","message":"Silly message"}
